[+] Containers:
 |- [+] Container: /Game/FirstPerson/Maps/MainLevel
 |   |- [+] ActorDescs:
 |   |   |- Guid:0074E44A81B53CB19DD61A025F808810 NativeClass:/Script/Engine.SkyAtmosphere Name:SkyAtmosphere_0 Label:SkyAtmosphere SpatiallyLoaded:false EditorBounds:IsValid=true, Min=(X=-128.000 Y=-128.000 Z=892.000), Max=(X=240.000 Y=128.000 Z=1148.000) RuntimeBounds:IsValid=true, Min=(X=0.000 Y=0.000 Z=1020.000), Max=(X=0.000 Y=0.000 Z=1020.000) RuntimeGrid:None EditorOnly:false RuntimeOnly:false HLODRelevant:false ListedInSceneOutliner:true IsMainWorldOnly:false FolderPath:Lighting FolderGuid:0BA5F0A04EADB18E70D5B180D08FA34B
 |   |   |- Guid:09D1D3E24BBB75C5D7234BB3978284C0 NativeClass:/Script/Engine.StaticMeshActor Name:StaticMeshActor_UAID_80D21DDCAD72A4BA02_1192475809 Label:SM_Cube9 SpatiallyLoaded:true EditorBounds:IsValid=true, Min=(X=190.000 Y=2260.000 Z=-50.000), Max=(X=1715.000 Y=4035.000 Z=0.000) RuntimeBounds:IsValid=true, Min=(X=190.000 Y=2260.000 Z=-50.000), Max=(X=1715.000 Y=4035.000 Z=0.000) RuntimeGrid:None EditorOnly:false RuntimeOnly:false HLODRelevant:true ListedInSceneOutliner:true IsMainWorldOnly:false FolderPath:Room_2 FolderGuid:7DD9B6ED45D927956AC2D3BF800C89A1
 |   |   |- Guid:0F6B7AC0447EA8F2DB136695295D9CEE NativeClass:/Script/Engine.StaticMeshActor Name:StaticMeshActor_UAID_80D21DDCAD72A3BA02_2079748632 Label:Door_Frame_11 SpatiallyLoaded:true EditorBounds:IsValid=true, Min=(X=730.000 Y=2270.000 Z=240.000), Max=(X=1280.000 Y=2345.000 Z=615.000) RuntimeBounds:IsValid=true, Min=(X=730.000 Y=2270.000 Z=240.000), Max=(X=1280.000 Y=2345.000 Z=615.000) RuntimeGrid:None EditorOnly:false RuntimeOnly:false HLODRelevant:true ListedInSceneOutliner:true IsMainWorldOnly:false FolderPath:Room_1/Door FolderGuid:205C7AE147E2C1AE7700C1BCAD321CD4
 |   |   |- Guid:22D910D44EA716774047DABD10D60362 NativeClass:/Script/Engine.StaticMeshActor Name:StaticMeshActor_UAID_80D21DDCAD72A3BA02_2029288630 Label:Door_Frame_9 SpatiallyLoaded:true EditorBounds:IsValid=true, Min=(X=730.000 Y=2270.000 Z=-50.000), Max=(X=830.000 Y=2345.000 Z=350.000) RuntimeBounds:IsValid=true, Min=(X=730.000 Y=2270.000 Z=-50.000), Max=(X=830.000 Y=2345.000 Z=350.000) RuntimeGrid:None EditorOnly:false RuntimeOnly:false HLODRelevant:true ListedInSceneOutliner:true IsMainWorldOnly:false FolderPath:Room_1/Door FolderGuid:205C7AE147E2C1AE7700C1BCAD321CD4
 |   |   |- Guid:2799BFE4FC0A3FA4AADA3795D40F0564 NativeClass:/Script/Engine.PlayerStart Name:PlayerStart_0 Label:PlayerStart SpatiallyLoaded:false EditorBounds:IsValid=true, Min=(X=772.000 Y=722.000 Z=-35.987), Max=(X=1028.000 Y=1090.000 Z=220.013) RuntimeBounds:IsValid=true, Min=(X=860.000 Y=810.000 Z=0.013), Max=(X=940.000 Y=890.000 Z=184.013) RuntimeGrid:None EditorOnly:false RuntimeOnly:false HLODRelevant:false ListedInSceneOutliner:true IsMainWorldOnly:false
 |   |   |- Guid:31013E2EE45E3458A6737BC494C5BBEE NativeClass:/Script/Engine.SkyLight Name:SkyLight_0 Label:SkyLight SpatiallyLoaded:false EditorBounds:IsValid=true, Min=(X=-1.000 Y=-1.000 Z=-1.000), Max=(X=1.000 Y=1.000 Z=690.000) RuntimeBounds:IsValid=true, Min=(X=0.000 Y=0.000 Z=690.000), Max=(X=0.000 Y=0.000 Z=690.000) RuntimeGrid:None EditorOnly:false RuntimeOnly:false HLODRelevant:false ListedInSceneOutliner:true IsMainWorldOnly:false FolderPath:Lighting FolderGuid:0BA5F0A04EADB18E70D5B180D08FA34B
 |   |   |- Guid:3ADDA68B4DFFD02132412AAFDEFBFFA9 NativeClass:/Script/Engine.StaticMeshActor Name:StaticMeshActor_UAID_80D21DDCAD72A3BA02_1689067623 Label:SM_Cube5 SpatiallyLoaded:true EditorBounds:IsValid=true, Min=(X=730.000 Y=480.000 Z=350.000), Max=(X=1305.000 Y=2355.000 Z=400.000) RuntimeBounds:IsValid=true, Min=(X=730.000 Y=480.000 Z=350.000), Max=(X=1305.000 Y=2355.000 Z=400.000) RuntimeGrid:None EditorOnly:false RuntimeOnly:false HLODRelevant:true ListedInSceneOutliner:true IsMainWorldOnly:false FolderPath:Room_1 FolderGuid:436A99DA40E3C4FC8D4142BD69DACCC3
 |   |   |- Guid:4F9A30C142549DB2FD6DBBBDD56D77A7 NativeClass:/Script/Engine.StaticMeshActor Name:StaticMeshActor_UAID_80D21DDCAD72A4BA02_1443466813 Label:SM_Cube11 SpatiallyLoaded:true EditorBounds:IsValid=true, Min=(X=190.000 Y=2260.000 Z=-50.000), Max=(X=765.000 Y=2335.000 Z=650.000) RuntimeBounds:IsValid=true, Min=(X=190.000 Y=2260.000 Z=-50.000), Max=(X=765.000 Y=2335.000 Z=650.000) RuntimeGrid:None EditorOnly:false RuntimeOnly:false HLODRelevant:true ListedInSceneOutliner:true IsMainWorldOnly:false FolderPath:Room_2 FolderGuid:7DD9B6ED45D927956AC2D3BF800C89A1
 |   |   |- Guid:5645CF23474ECA8989CE59B0E98CCED5 NativeClass:/Script/Engine.StaticMeshActor Name:StaticMeshActor_UAID_80D21DDCAD72A3BA02_1875194628 Label:Door SpatiallyLoaded:true EditorBounds:IsValid=true, Min=(X=830.000 Y=2300.000 Z=240.000), Max=(X=1205.000 Y=2325.000 Z=540.000) RuntimeBounds:IsValid=true, Min=(X=830.000 Y=2300.000 Z=240.000), Max=(X=1205.000 Y=2325.000 Z=540.000) RuntimeGrid:None EditorOnly:false RuntimeOnly:false HLODRelevant:true ListedInSceneOutliner:true IsMainWorldOnly:false FolderPath:Room_1/Door FolderGuid:205C7AE147E2C1AE7700C1BCAD321CD4
 |   |   |- Guid:6CDDA87AB298320AB0868658B834E679 NativeClass:/Script/Engine.ExponentialHeightFog Name:ExponentialHeightFog_0 Label:ExponentialHeightFog SpatiallyLoaded:false EditorBounds:IsValid=true, Min=(X=-5728.000 Y=-178.000 Z=-6978.000), Max=(X=-5472.000 Y=78.000 Z=-6722.000) RuntimeBounds:IsValid=true, Min=(X=-5600.000 Y=-50.000 Z=-6850.000), Max=(X=-5600.000 Y=-50.000 Z=-6850.000) RuntimeGrid:None EditorOnly:false RuntimeOnly:false HLODRelevant:false ListedInSceneOutliner:true IsMainWorldOnly:false FolderPath:Lighting FolderGuid:0BA5F0A04EADB18E70D5B180D08FA34B
 |   |   |- Guid:6EC4AD784CCC00BFD2D4EDACDA5F4408 NativeClass:/Script/Engine.StaticMeshActor Name:StaticMeshActor_UAID_80D21DDCAD72A3BA02_1697450624 Label:SM_Cube6 SpatiallyLoaded:true EditorBounds:IsValid=true, Min=(X=730.000 Y=480.000 Z=-50.000), Max=(X=780.000 Y=2355.000 Z=350.000) RuntimeBounds:IsValid=true, Min=(X=730.000 Y=480.000 Z=-50.000), Max=(X=780.000 Y=2355.000 Z=350.000) RuntimeGrid:None EditorOnly:false RuntimeOnly:false HLODRelevant:true ListedInSceneOutliner:true IsMainWorldOnly:false FolderPath:Room_1 FolderGuid:436A99DA40E3C4FC8D4142BD69DACCC3
 |   |   |- Guid:72F946D14F0DA27F0B92CB89C329BABA NativeClass:/Script/Engine.StaticMeshActor Name:StaticMeshActor_UAID_80D21DDCAD72A4BA02_1580751817 Label:SM_Cube15 SpatiallyLoaded:true EditorBounds:IsValid=true, Min=(X=750.000 Y=2790.000 Z=-50.000), Max=(X=1275.000 Y=3440.000 Z=250.000) RuntimeBounds:IsValid=true, Min=(X=750.000 Y=2790.000 Z=-50.000), Max=(X=1275.000 Y=3440.000 Z=250.000) RuntimeGrid:None EditorOnly:false RuntimeOnly:false HLODRelevant:true ListedInSceneOutliner:true IsMainWorldOnly:false FolderPath:Room_2 FolderGuid:7DD9B6ED45D927956AC2D3BF800C89A1
 |   |   |- Guid:77E3EC57EFB9335081255F7A97030017 NativeClass:/Script/Engine.StaticMeshActor Name:StaticMeshActor_UAID_A4AE111137DC5EFB00_2001720423 Label:SM_SkySphere SpatiallyLoaded:false EditorBounds:IsValid=true, Min=(X=-1638400.000 Y=-1638400.000 Z=-1638400.000), Max=(X=1638400.000 Y=1638400.000 Z=1638400.000) RuntimeBounds:IsValid=true, Min=(X=-1638400.000 Y=-1638400.000 Z=-1638400.000), Max=(X=1638400.000 Y=1638400.000 Z=1638400.000) RuntimeGrid:None EditorOnly:false RuntimeOnly:false HLODRelevant:false ListedInSceneOutliner:true IsMainWorldOnly:false FolderPath:Lighting FolderGuid:0BA5F0A04EADB18E70D5B180D08FA34B
 |   |   |- Guid:805D35464E4B092D654DD1AA3696E8B9 NativeClass:/Script/Engine.StaticMeshActor Name:StaticMeshActor_UAID_80D21DDCAD72A4BA02_1467787814 Label:SM_Cube12 SpatiallyLoaded:true EditorBounds:IsValid=true, Min=(X=1260.000 Y=2260.000 Z=-50.000), Max=(X=1710.000 Y=2335.000 Z=650.000) RuntimeBounds:IsValid=true, Min=(X=1260.000 Y=2260.000 Z=-50.000), Max=(X=1710.000 Y=2335.000 Z=650.000) RuntimeGrid:None EditorOnly:false RuntimeOnly:false HLODRelevant:true ListedInSceneOutliner:true IsMainWorldOnly:false FolderPath:Room_2 FolderGuid:7DD9B6ED45D927956AC2D3BF800C89A1
 |   |   |- Guid:80E4753845D7F75071EB0391AA50B9E8 NativeClass:/Script/Engine.StaticMeshActor Name:StaticMeshActor_UAID_80D21DDCAD72A4BA02_1507669816 Label:SM_Cube14 SpatiallyLoaded:true EditorBounds:IsValid=true, Min=(X=1650.000 Y=2260.000 Z=-50.000), Max=(X=1700.000 Y=4035.000 Z=600.000) RuntimeBounds:IsValid=true, Min=(X=1650.000 Y=2260.000 Z=-50.000), Max=(X=1700.000 Y=4035.000 Z=600.000) RuntimeGrid:None EditorOnly:false RuntimeOnly:false HLODRelevant:true ListedInSceneOutliner:true IsMainWorldOnly:false FolderPath:Room_2 FolderGuid:7DD9B6ED45D927956AC2D3BF800C89A1
 |   |   |- Guid:83B627814EA03F53FF8CD0A249C641D7 NativeClass:/Script/Engine.StaticMeshActor Name:StaticMeshActor_UAID_80D21DDCAD72A4BA02_1678456818 Label:SM_Ramp SpatiallyLoaded:true EditorBounds:IsValid=true, Min=(X=475.000 Y=3090.000 Z=0.000), Max=(X=750.000 Y=3390.000 Z=250.000) RuntimeBounds:IsValid=true, Min=(X=475.000 Y=3090.000 Z=0.000), Max=(X=750.000 Y=3390.000 Z=250.000) RuntimeGrid:None EditorOnly:false RuntimeOnly:false HLODRelevant:true ListedInSceneOutliner:true IsMainWorldOnly:false
 |   |   |- Guid:8C580AB84C0E9EF795E642BD66CEB096 NativeClass:/Script/Engine.StaticMeshActor Name:StaticMeshActor_UAID_80D21DDCAD72A3BA02_1574765622 Label:SM_Cube4 SpatiallyLoaded:true EditorBounds:IsValid=true, Min=(X=730.000 Y=480.000 Z=-50.000), Max=(X=1305.000 Y=2355.000 Z=0.000) RuntimeBounds:IsValid=true, Min=(X=730.000 Y=480.000 Z=-50.000), Max=(X=1305.000 Y=2355.000 Z=0.000) RuntimeGrid:None EditorOnly:false RuntimeOnly:false HLODRelevant:true ListedInSceneOutliner:true IsMainWorldOnly:false FolderPath:Room_1 FolderGuid:436A99DA40E3C4FC8D4142BD69DACCC3
 |   |   |- Guid:94154B9924CE3EB3AC1DD6A45963B8E5 NativeClass:/Script/Engine.PostProcessVolume Name:PostProcessVolume_0 Label:PostProcessVolume SpatiallyLoaded:false EditorBounds:IsValid=true, Min=(X=0.000 Y=0.000 Z=400.000), Max=(X=200.000 Y=200.000 Z=600.000) RuntimeBounds:IsValid=true, Min=(X=0.000 Y=0.000 Z=400.000), Max=(X=200.000 Y=200.000 Z=600.000) RuntimeGrid:None EditorOnly:false RuntimeOnly:false HLODRelevant:false ListedInSceneOutliner:true IsMainWorldOnly:false FolderPath:Lighting FolderGuid:0BA5F0A04EADB18E70D5B180D08FA34B
 |   |   |- Guid:9ECAB6A18EDF3F4DBAC9EC9E6BFB4105 NativeClass:/Script/Engine.VolumetricCloud Name:VolumetricCloud_0 Label:VolumetricCloud SpatiallyLoaded:false EditorBounds:IsValid=true, Min=(X=-128.000 Y=-128.000 Z=692.000), Max=(X=128.000 Y=128.000 Z=948.000) RuntimeBounds:IsValid=true, Min=(X=0.000 Y=0.000 Z=820.000), Max=(X=0.000 Y=0.000 Z=820.000) RuntimeGrid:None EditorOnly:false RuntimeOnly:false HLODRelevant:false ListedInSceneOutliner:true IsMainWorldOnly:false FolderPath:Lighting FolderGuid:0BA5F0A04EADB18E70D5B180D08FA34B
 |   |   |- Guid:AB9EA2A846BD78DB90CB268514041ED0 NativeClass:/Script/Engine.StaticMeshActor Name:StaticMeshActor_UAID_80D21DDCAD72A3BA02_1776428627 Label:SM_Cube8 SpatiallyLoaded:true EditorBounds:IsValid=true, Min=(X=730.000 Y=480.000 Z=-50.000), Max=(X=1280.000 Y=530.000 Z=350.000) RuntimeBounds:IsValid=true, Min=(X=730.000 Y=480.000 Z=-50.000), Max=(X=1280.000 Y=530.000 Z=350.000) RuntimeGrid:None EditorOnly:false RuntimeOnly:false HLODRelevant:true ListedInSceneOutliner:true IsMainWorldOnly:false FolderPath:Room_1 FolderGuid:436A99DA40E3C4FC8D4142BD69DACCC3
 |   |   |- Guid:D56B13953B903363AB9AC18C7D52B868 BaseClass:/Game/FirstPerson/Blueprints/BP_Pickup_Rifle.BP_Pickup_Rifle_C NativeClass:/Script/Engine.Actor Name:BP_Rifle_C_1 Label:BP_Pickup_Rifle SpatiallyLoaded:true EditorBounds:IsValid=true, Min=(X=998.000 Y=818.000 Z=64.000), Max=(X=1062.000 Y=907.440 Z=128.000) RuntimeBounds:IsValid=true, Min=(X=998.000 Y=818.000 Z=64.000), Max=(X=1062.000 Y=907.440 Z=128.000) RuntimeGrid:None EditorOnly:false RuntimeOnly:false HLODRelevant:false ListedInSceneOutliner:true IsMainWorldOnly:false
 |   |   |- Guid:D70D5A7E42D5916A32699AAD019CAD11 NativeClass:/Script/Engine.StaticMeshActor Name:StaticMeshActor_UAID_80D21DDCAD72A4BA02_1481780815 Label:SM_Cube13 SpatiallyLoaded:true EditorBounds:IsValid=true, Min=(X=190.000 Y=2260.000 Z=-50.000), Max=(X=240.000 Y=4035.000 Z=600.000) RuntimeBounds:IsValid=true, Min=(X=190.000 Y=2260.000 Z=-50.000), Max=(X=240.000 Y=4035.000 Z=600.000) RuntimeGrid:None EditorOnly:false RuntimeOnly:false HLODRelevant:true ListedInSceneOutliner:true IsMainWorldOnly:false FolderPath:Room_2 FolderGuid:7DD9B6ED45D927956AC2D3BF800C89A1
 |   |   |- Guid:D8DB89604B6FE1463BA19CA9A0595891 NativeClass:/Script/Engine.StaticMeshActor Name:StaticMeshActor_UAID_80D21DDCAD72A3BA02_2072655631 Label:Door_Frame_10 SpatiallyLoaded:true EditorBounds:IsValid=true, Min=(X=1200.000 Y=2270.000 Z=-50.000), Max=(X=1300.000 Y=2345.000 Z=350.000) RuntimeBounds:IsValid=true, Min=(X=1200.000 Y=2270.000 Z=-50.000), Max=(X=1300.000 Y=2345.000 Z=350.000) RuntimeGrid:None EditorOnly:false RuntimeOnly:false HLODRelevant:true ListedInSceneOutliner:true IsMainWorldOnly:false FolderPath:Room_1/Door FolderGuid:205C7AE147E2C1AE7700C1BCAD321CD4
 |   |   |- Guid:DAC2F0A442061B6F2C46608EB7649D4F NativeClass:/Script/Engine.StaticMeshActor Name:StaticMeshActor_UAID_80D21DDCAD72A4BA02_1336048811 Label:SM_Cube10 SpatiallyLoaded:true EditorBounds:IsValid=true, Min=(X=190.000 Y=2260.000 Z=590.063), Max=(X=1715.000 Y=4135.000 Z=640.063) RuntimeBounds:IsValid=true, Min=(X=190.000 Y=2260.000 Z=590.063), Max=(X=1715.000 Y=4135.000 Z=640.063) RuntimeGrid:None EditorOnly:false RuntimeOnly:false HLODRelevant:true ListedInSceneOutliner:true IsMainWorldOnly:false FolderPath:Room_2 FolderGuid:7DD9B6ED45D927956AC2D3BF800C89A1
 |   |   |- Guid:E06526EA49020BEB3E44B1B42BF20911 NativeClass:/Script/Engine.StaticMeshActor Name:StaticMeshActor_UAID_80D21DDCAD72A3BA02_1719490625 Label:SM_Cube7 SpatiallyLoaded:true EditorBounds:IsValid=true, Min=(X=1250.000 Y=480.000 Z=-50.000), Max=(X=1300.000 Y=2355.000 Z=350.000) RuntimeBounds:IsValid=true, Min=(X=1250.000 Y=480.000 Z=-50.000), Max=(X=1300.000 Y=2355.000 Z=350.000) RuntimeGrid:None EditorOnly:false RuntimeOnly:false HLODRelevant:true ListedInSceneOutliner:true IsMainWorldOnly:false FolderPath:Room_1 FolderGuid:436A99DA40E3C4FC8D4142BD69DACCC3
 |   |   |- Guid:E58D97CF1DC43AC1ABA74365C53B66FA NativeClass:/Script/Engine.WorldDataLayers Name:WorldDataLayers Label:WorldDataLayers SpatiallyLoaded:false EditorBounds:IsValid=false, Min=(X=0.000 Y=0.000 Z=0.000), Max=(X=0.000 Y=0.000 Z=0.000) RuntimeBounds:IsValid=false, Min=(X=0.000 Y=0.000 Z=0.000), Max=(X=0.000 Y=0.000 Z=0.000) RuntimeGrid:None EditorOnly:false RuntimeOnly:false HLODRelevant:false ListedInSceneOutliner:true IsMainWorldOnly:true
 |   |   |- Guid:E7863632D63B3DE5BE77086DE4C73044 NativeClass:/Script/Engine.DirectionalLight Name:DirectionalLight_1 Label:DirectionalLight SpatiallyLoaded:false EditorBounds:IsValid=false, Min=(X=0.000 Y=0.000 Z=0.000), Max=(X=0.000 Y=0.000 Z=0.000) RuntimeBounds:IsValid=false, Min=(X=0.000 Y=0.000 Z=0.000), Max=(X=0.000 Y=0.000 Z=0.000) RuntimeGrid:None EditorOnly:false RuntimeOnly:false HLODRelevant:false ListedInSceneOutliner:true IsMainWorldOnly:false FolderPath:Lighting FolderGuid:0BA5F0A04EADB18E70D5B180D08FA34B
 |   |- [+] Clusters:
 |   |   |- [+] [  0]
 |   |   |   |- Guid:0074E44A81B53CB19DD61A025F808810 NativeClass:/Script/Engine.SkyAtmosphere Name:SkyAtmosphere_0 Label:SkyAtmosphere SpatiallyLoaded:false EditorBounds:IsValid=true, Min=(X=-128.000 Y=-128.000 Z=892.000), Max=(X=240.000 Y=128.000 Z=1148.000) RuntimeBounds:IsValid=true, Min=(X=0.000 Y=0.000 Z=1020.000), Max=(X=0.000 Y=0.000 Z=1020.000) RuntimeGrid:None EditorOnly:false RuntimeOnly:false HLODRelevant:false ListedInSceneOutliner:true IsMainWorldOnly:false FolderPath:Lighting FolderGuid:0BA5F0A04EADB18E70D5B180D08FA34B
 |   |   |- [+] [  1]
 |   |   |   |- Guid:09D1D3E24BBB75C5D7234BB3978284C0 NativeClass:/Script/Engine.StaticMeshActor Name:StaticMeshActor_UAID_80D21DDCAD72A4BA02_1192475809 Label:SM_Cube9 SpatiallyLoaded:true EditorBounds:IsValid=true, Min=(X=190.000 Y=2260.000 Z=-50.000), Max=(X=1715.000 Y=4035.000 Z=0.000) RuntimeBounds:IsValid=true, Min=(X=190.000 Y=2260.000 Z=-50.000), Max=(X=1715.000 Y=4035.000 Z=0.000) RuntimeGrid:None EditorOnly:false RuntimeOnly:false HLODRelevant:true ListedInSceneOutliner:true IsMainWorldOnly:false FolderPath:Room_2 FolderGuid:7DD9B6ED45D927956AC2D3BF800C89A1
 |   |   |- [+] [  2]
 |   |   |   |- Guid:0F6B7AC0447EA8F2DB136695295D9CEE NativeClass:/Script/Engine.StaticMeshActor Name:StaticMeshActor_UAID_80D21DDCAD72A3BA02_2079748632 Label:Door_Frame_11 SpatiallyLoaded:true EditorBounds:IsValid=true, Min=(X=730.000 Y=2270.000 Z=240.000), Max=(X=1280.000 Y=2345.000 Z=615.000) RuntimeBounds:IsValid=true, Min=(X=730.000 Y=2270.000 Z=240.000), Max=(X=1280.000 Y=2345.000 Z=615.000) RuntimeGrid:None EditorOnly:false RuntimeOnly:false HLODRelevant:true ListedInSceneOutliner:true IsMainWorldOnly:false FolderPath:Room_1/Door FolderGuid:205C7AE147E2C1AE7700C1BCAD321CD4
 |   |   |- [+] [  3]
 |   |   |   |- Guid:22D910D44EA716774047DABD10D60362 NativeClass:/Script/Engine.StaticMeshActor Name:StaticMeshActor_UAID_80D21DDCAD72A3BA02_2029288630 Label:Door_Frame_9 SpatiallyLoaded:true EditorBounds:IsValid=true, Min=(X=730.000 Y=2270.000 Z=-50.000), Max=(X=830.000 Y=2345.000 Z=350.000) RuntimeBounds:IsValid=true, Min=(X=730.000 Y=2270.000 Z=-50.000), Max=(X=830.000 Y=2345.000 Z=350.000) RuntimeGrid:None EditorOnly:false RuntimeOnly:false HLODRelevant:true ListedInSceneOutliner:true IsMainWorldOnly:false FolderPath:Room_1/Door FolderGuid:205C7AE147E2C1AE7700C1BCAD321CD4
 |   |   |- [+] [  4]
 |   |   |   |- Guid:2799BFE4FC0A3FA4AADA3795D40F0564 NativeClass:/Script/Engine.PlayerStart Name:PlayerStart_0 Label:PlayerStart SpatiallyLoaded:false EditorBounds:IsValid=true, Min=(X=772.000 Y=722.000 Z=-35.987), Max=(X=1028.000 Y=1090.000 Z=220.013) RuntimeBounds:IsValid=true, Min=(X=860.000 Y=810.000 Z=0.013), Max=(X=940.000 Y=890.000 Z=184.013) RuntimeGrid:None EditorOnly:false RuntimeOnly:false HLODRelevant:false ListedInSceneOutliner:true IsMainWorldOnly:false
 |   |   |- [+] [  5]
 |   |   |   |- Guid:31013E2EE45E3458A6737BC494C5BBEE NativeClass:/Script/Engine.SkyLight Name:SkyLight_0 Label:SkyLight SpatiallyLoaded:false EditorBounds:IsValid=true, Min=(X=-1.000 Y=-1.000 Z=-1.000), Max=(X=1.000 Y=1.000 Z=690.000) RuntimeBounds:IsValid=true, Min=(X=0.000 Y=0.000 Z=690.000), Max=(X=0.000 Y=0.000 Z=690.000) RuntimeGrid:None EditorOnly:false RuntimeOnly:false HLODRelevant:false ListedInSceneOutliner:true IsMainWorldOnly:false FolderPath:Lighting FolderGuid:0BA5F0A04EADB18E70D5B180D08FA34B
 |   |   |- [+] [  6]
 |   |   |   |- Guid:3ADDA68B4DFFD02132412AAFDEFBFFA9 NativeClass:/Script/Engine.StaticMeshActor Name:StaticMeshActor_UAID_80D21DDCAD72A3BA02_1689067623 Label:SM_Cube5 SpatiallyLoaded:true EditorBounds:IsValid=true, Min=(X=730.000 Y=480.000 Z=350.000), Max=(X=1305.000 Y=2355.000 Z=400.000) RuntimeBounds:IsValid=true, Min=(X=730.000 Y=480.000 Z=350.000), Max=(X=1305.000 Y=2355.000 Z=400.000) RuntimeGrid:None EditorOnly:false RuntimeOnly:false HLODRelevant:true ListedInSceneOutliner:true IsMainWorldOnly:false FolderPath:Room_1 FolderGuid:436A99DA40E3C4FC8D4142BD69DACCC3
 |   |   |- [+] [  7]
 |   |   |   |- Guid:4F9A30C142549DB2FD6DBBBDD56D77A7 NativeClass:/Script/Engine.StaticMeshActor Name:StaticMeshActor_UAID_80D21DDCAD72A4BA02_1443466813 Label:SM_Cube11 SpatiallyLoaded:true EditorBounds:IsValid=true, Min=(X=190.000 Y=2260.000 Z=-50.000), Max=(X=765.000 Y=2335.000 Z=650.000) RuntimeBounds:IsValid=true, Min=(X=190.000 Y=2260.000 Z=-50.000), Max=(X=765.000 Y=2335.000 Z=650.000) RuntimeGrid:None EditorOnly:false RuntimeOnly:false HLODRelevant:true ListedInSceneOutliner:true IsMainWorldOnly:false FolderPath:Room_2 FolderGuid:7DD9B6ED45D927956AC2D3BF800C89A1
 |   |   |- [+] [  8]
 |   |   |   |- Guid:5645CF23474ECA8989CE59B0E98CCED5 NativeClass:/Script/Engine.StaticMeshActor Name:StaticMeshActor_UAID_80D21DDCAD72A3BA02_1875194628 Label:Door SpatiallyLoaded:true EditorBounds:IsValid=true, Min=(X=830.000 Y=2300.000 Z=240.000), Max=(X=1205.000 Y=2325.000 Z=540.000) RuntimeBounds:IsValid=true, Min=(X=830.000 Y=2300.000 Z=240.000), Max=(X=1205.000 Y=2325.000 Z=540.000) RuntimeGrid:None EditorOnly:false RuntimeOnly:false HLODRelevant:true ListedInSceneOutliner:true IsMainWorldOnly:false FolderPath:Room_1/Door FolderGuid:205C7AE147E2C1AE7700C1BCAD321CD4
 |   |   |- [+] [  9]
 |   |   |   |- Guid:6CDDA87AB298320AB0868658B834E679 NativeClass:/Script/Engine.ExponentialHeightFog Name:ExponentialHeightFog_0 Label:ExponentialHeightFog SpatiallyLoaded:false EditorBounds:IsValid=true, Min=(X=-5728.000 Y=-178.000 Z=-6978.000), Max=(X=-5472.000 Y=78.000 Z=-6722.000) RuntimeBounds:IsValid=true, Min=(X=-5600.000 Y=-50.000 Z=-6850.000), Max=(X=-5600.000 Y=-50.000 Z=-6850.000) RuntimeGrid:None EditorOnly:false RuntimeOnly:false HLODRelevant:false ListedInSceneOutliner:true IsMainWorldOnly:false FolderPath:Lighting FolderGuid:0BA5F0A04EADB18E70D5B180D08FA34B
 |   |   |- [+] [ 10]
 |   |   |   |- Guid:6EC4AD784CCC00BFD2D4EDACDA5F4408 NativeClass:/Script/Engine.StaticMeshActor Name:StaticMeshActor_UAID_80D21DDCAD72A3BA02_1697450624 Label:SM_Cube6 SpatiallyLoaded:true EditorBounds:IsValid=true, Min=(X=730.000 Y=480.000 Z=-50.000), Max=(X=780.000 Y=2355.000 Z=350.000) RuntimeBounds:IsValid=true, Min=(X=730.000 Y=480.000 Z=-50.000), Max=(X=780.000 Y=2355.000 Z=350.000) RuntimeGrid:None EditorOnly:false RuntimeOnly:false HLODRelevant:true ListedInSceneOutliner:true IsMainWorldOnly:false FolderPath:Room_1 FolderGuid:436A99DA40E3C4FC8D4142BD69DACCC3
 |   |   |- [+] [ 11]
 |   |   |   |- Guid:72F946D14F0DA27F0B92CB89C329BABA NativeClass:/Script/Engine.StaticMeshActor Name:StaticMeshActor_UAID_80D21DDCAD72A4BA02_1580751817 Label:SM_Cube15 SpatiallyLoaded:true EditorBounds:IsValid=true, Min=(X=750.000 Y=2790.000 Z=-50.000), Max=(X=1275.000 Y=3440.000 Z=250.000) RuntimeBounds:IsValid=true, Min=(X=750.000 Y=2790.000 Z=-50.000), Max=(X=1275.000 Y=3440.000 Z=250.000) RuntimeGrid:None EditorOnly:false RuntimeOnly:false HLODRelevant:true ListedInSceneOutliner:true IsMainWorldOnly:false FolderPath:Room_2 FolderGuid:7DD9B6ED45D927956AC2D3BF800C89A1
 |   |   |- [+] [ 12]
 |   |   |   |- Guid:77E3EC57EFB9335081255F7A97030017 NativeClass:/Script/Engine.StaticMeshActor Name:StaticMeshActor_UAID_A4AE111137DC5EFB00_2001720423 Label:SM_SkySphere SpatiallyLoaded:false EditorBounds:IsValid=true, Min=(X=-1638400.000 Y=-1638400.000 Z=-1638400.000), Max=(X=1638400.000 Y=1638400.000 Z=1638400.000) RuntimeBounds:IsValid=true, Min=(X=-1638400.000 Y=-1638400.000 Z=-1638400.000), Max=(X=1638400.000 Y=1638400.000 Z=1638400.000) RuntimeGrid:None EditorOnly:false RuntimeOnly:false HLODRelevant:false ListedInSceneOutliner:true IsMainWorldOnly:false FolderPath:Lighting FolderGuid:0BA5F0A04EADB18E70D5B180D08FA34B
 |   |   |- [+] [ 13]
 |   |   |   |- Guid:805D35464E4B092D654DD1AA3696E8B9 NativeClass:/Script/Engine.StaticMeshActor Name:StaticMeshActor_UAID_80D21DDCAD72A4BA02_1467787814 Label:SM_Cube12 SpatiallyLoaded:true EditorBounds:IsValid=true, Min=(X=1260.000 Y=2260.000 Z=-50.000), Max=(X=1710.000 Y=2335.000 Z=650.000) RuntimeBounds:IsValid=true, Min=(X=1260.000 Y=2260.000 Z=-50.000), Max=(X=1710.000 Y=2335.000 Z=650.000) RuntimeGrid:None EditorOnly:false RuntimeOnly:false HLODRelevant:true ListedInSceneOutliner:true IsMainWorldOnly:false FolderPath:Room_2 FolderGuid:7DD9B6ED45D927956AC2D3BF800C89A1
 |   |   |- [+] [ 14]
 |   |   |   |- Guid:80E4753845D7F75071EB0391AA50B9E8 NativeClass:/Script/Engine.StaticMeshActor Name:StaticMeshActor_UAID_80D21DDCAD72A4BA02_1507669816 Label:SM_Cube14 SpatiallyLoaded:true EditorBounds:IsValid=true, Min=(X=1650.000 Y=2260.000 Z=-50.000), Max=(X=1700.000 Y=4035.000 Z=600.000) RuntimeBounds:IsValid=true, Min=(X=1650.000 Y=2260.000 Z=-50.000), Max=(X=1700.000 Y=4035.000 Z=600.000) RuntimeGrid:None EditorOnly:false RuntimeOnly:false HLODRelevant:true ListedInSceneOutliner:true IsMainWorldOnly:false FolderPath:Room_2 FolderGuid:7DD9B6ED45D927956AC2D3BF800C89A1
 |   |   |- [+] [ 15]
 |   |   |   |- Guid:83B627814EA03F53FF8CD0A249C641D7 NativeClass:/Script/Engine.StaticMeshActor Name:StaticMeshActor_UAID_80D21DDCAD72A4BA02_1678456818 Label:SM_Ramp SpatiallyLoaded:true EditorBounds:IsValid=true, Min=(X=475.000 Y=3090.000 Z=0.000), Max=(X=750.000 Y=3390.000 Z=250.000) RuntimeBounds:IsValid=true, Min=(X=475.000 Y=3090.000 Z=0.000), Max=(X=750.000 Y=3390.000 Z=250.000) RuntimeGrid:None EditorOnly:false RuntimeOnly:false HLODRelevant:true ListedInSceneOutliner:true IsMainWorldOnly:false
 |   |   |- [+] [ 16]
 |   |   |   |- Guid:8C580AB84C0E9EF795E642BD66CEB096 NativeClass:/Script/Engine.StaticMeshActor Name:StaticMeshActor_UAID_80D21DDCAD72A3BA02_1574765622 Label:SM_Cube4 SpatiallyLoaded:true EditorBounds:IsValid=true, Min=(X=730.000 Y=480.000 Z=-50.000), Max=(X=1305.000 Y=2355.000 Z=0.000) RuntimeBounds:IsValid=true, Min=(X=730.000 Y=480.000 Z=-50.000), Max=(X=1305.000 Y=2355.000 Z=0.000) RuntimeGrid:None EditorOnly:false RuntimeOnly:false HLODRelevant:true ListedInSceneOutliner:true IsMainWorldOnly:false FolderPath:Room_1 FolderGuid:436A99DA40E3C4FC8D4142BD69DACCC3
 |   |   |- [+] [ 17]
 |   |   |   |- Guid:94154B9924CE3EB3AC1DD6A45963B8E5 NativeClass:/Script/Engine.PostProcessVolume Name:PostProcessVolume_0 Label:PostProcessVolume SpatiallyLoaded:false EditorBounds:IsValid=true, Min=(X=0.000 Y=0.000 Z=400.000), Max=(X=200.000 Y=200.000 Z=600.000) RuntimeBounds:IsValid=true, Min=(X=0.000 Y=0.000 Z=400.000), Max=(X=200.000 Y=200.000 Z=600.000) RuntimeGrid:None EditorOnly:false RuntimeOnly:false HLODRelevant:false ListedInSceneOutliner:true IsMainWorldOnly:false FolderPath:Lighting FolderGuid:0BA5F0A04EADB18E70D5B180D08FA34B
 |   |   |- [+] [ 18]
 |   |   |   |- Guid:9ECAB6A18EDF3F4DBAC9EC9E6BFB4105 NativeClass:/Script/Engine.VolumetricCloud Name:VolumetricCloud_0 Label:VolumetricCloud SpatiallyLoaded:false EditorBounds:IsValid=true, Min=(X=-128.000 Y=-128.000 Z=692.000), Max=(X=128.000 Y=128.000 Z=948.000) RuntimeBounds:IsValid=true, Min=(X=0.000 Y=0.000 Z=820.000), Max=(X=0.000 Y=0.000 Z=820.000) RuntimeGrid:None EditorOnly:false RuntimeOnly:false HLODRelevant:false ListedInSceneOutliner:true IsMainWorldOnly:false FolderPath:Lighting FolderGuid:0BA5F0A04EADB18E70D5B180D08FA34B
 |   |   |- [+] [ 19]
 |   |   |   |- Guid:AB9EA2A846BD78DB90CB268514041ED0 NativeClass:/Script/Engine.StaticMeshActor Name:StaticMeshActor_UAID_80D21DDCAD72A3BA02_1776428627 Label:SM_Cube8 SpatiallyLoaded:true EditorBounds:IsValid=true, Min=(X=730.000 Y=480.000 Z=-50.000), Max=(X=1280.000 Y=530.000 Z=350.000) RuntimeBounds:IsValid=true, Min=(X=730.000 Y=480.000 Z=-50.000), Max=(X=1280.000 Y=530.000 Z=350.000) RuntimeGrid:None EditorOnly:false RuntimeOnly:false HLODRelevant:true ListedInSceneOutliner:true IsMainWorldOnly:false FolderPath:Room_1 FolderGuid:436A99DA40E3C4FC8D4142BD69DACCC3
 |   |   |- [+] [ 20]
 |   |   |   |- Guid:D56B13953B903363AB9AC18C7D52B868 BaseClass:/Game/FirstPerson/Blueprints/BP_Pickup_Rifle.BP_Pickup_Rifle_C NativeClass:/Script/Engine.Actor Name:BP_Rifle_C_1 Label:BP_Pickup_Rifle SpatiallyLoaded:true EditorBounds:IsValid=true, Min=(X=998.000 Y=818.000 Z=64.000), Max=(X=1062.000 Y=907.440 Z=128.000) RuntimeBounds:IsValid=true, Min=(X=998.000 Y=818.000 Z=64.000), Max=(X=1062.000 Y=907.440 Z=128.000) RuntimeGrid:None EditorOnly:false RuntimeOnly:false HLODRelevant:false ListedInSceneOutliner:true IsMainWorldOnly:false
 |   |   |- [+] [ 21]
 |   |   |   |- Guid:D70D5A7E42D5916A32699AAD019CAD11 NativeClass:/Script/Engine.StaticMeshActor Name:StaticMeshActor_UAID_80D21DDCAD72A4BA02_1481780815 Label:SM_Cube13 SpatiallyLoaded:true EditorBounds:IsValid=true, Min=(X=190.000 Y=2260.000 Z=-50.000), Max=(X=240.000 Y=4035.000 Z=600.000) RuntimeBounds:IsValid=true, Min=(X=190.000 Y=2260.000 Z=-50.000), Max=(X=240.000 Y=4035.000 Z=600.000) RuntimeGrid:None EditorOnly:false RuntimeOnly:false HLODRelevant:true ListedInSceneOutliner:true IsMainWorldOnly:false FolderPath:Room_2 FolderGuid:7DD9B6ED45D927956AC2D3BF800C89A1
 |   |   |- [+] [ 22]
 |   |   |   |- Guid:D8DB89604B6FE1463BA19CA9A0595891 NativeClass:/Script/Engine.StaticMeshActor Name:StaticMeshActor_UAID_80D21DDCAD72A3BA02_2072655631 Label:Door_Frame_10 SpatiallyLoaded:true EditorBounds:IsValid=true, Min=(X=1200.000 Y=2270.000 Z=-50.000), Max=(X=1300.000 Y=2345.000 Z=350.000) RuntimeBounds:IsValid=true, Min=(X=1200.000 Y=2270.000 Z=-50.000), Max=(X=1300.000 Y=2345.000 Z=350.000) RuntimeGrid:None EditorOnly:false RuntimeOnly:false HLODRelevant:true ListedInSceneOutliner:true IsMainWorldOnly:false FolderPath:Room_1/Door FolderGuid:205C7AE147E2C1AE7700C1BCAD321CD4
 |   |   |- [+] [ 23]
 |   |   |   |- Guid:DAC2F0A442061B6F2C46608EB7649D4F NativeClass:/Script/Engine.StaticMeshActor Name:StaticMeshActor_UAID_80D21DDCAD72A4BA02_1336048811 Label:SM_Cube10 SpatiallyLoaded:true EditorBounds:IsValid=true, Min=(X=190.000 Y=2260.000 Z=590.063), Max=(X=1715.000 Y=4135.000 Z=640.063) RuntimeBounds:IsValid=true, Min=(X=190.000 Y=2260.000 Z=590.063), Max=(X=1715.000 Y=4135.000 Z=640.063) RuntimeGrid:None EditorOnly:false RuntimeOnly:false HLODRelevant:true ListedInSceneOutliner:true IsMainWorldOnly:false FolderPath:Room_2 FolderGuid:7DD9B6ED45D927956AC2D3BF800C89A1
 |   |   |- [+] [ 24]
 |   |   |   |- Guid:E06526EA49020BEB3E44B1B42BF20911 NativeClass:/Script/Engine.StaticMeshActor Name:StaticMeshActor_UAID_80D21DDCAD72A3BA02_1719490625 Label:SM_Cube7 SpatiallyLoaded:true EditorBounds:IsValid=true, Min=(X=1250.000 Y=480.000 Z=-50.000), Max=(X=1300.000 Y=2355.000 Z=350.000) RuntimeBounds:IsValid=true, Min=(X=1250.000 Y=480.000 Z=-50.000), Max=(X=1300.000 Y=2355.000 Z=350.000) RuntimeGrid:None EditorOnly:false RuntimeOnly:false HLODRelevant:true ListedInSceneOutliner:true IsMainWorldOnly:false FolderPath:Room_1 FolderGuid:436A99DA40E3C4FC8D4142BD69DACCC3
 |   |   |- [+] [ 25]
 |   |   |   |- Guid:E58D97CF1DC43AC1ABA74365C53B66FA NativeClass:/Script/Engine.WorldDataLayers Name:WorldDataLayers Label:WorldDataLayers SpatiallyLoaded:false EditorBounds:IsValid=false, Min=(X=0.000 Y=0.000 Z=0.000), Max=(X=0.000 Y=0.000 Z=0.000) RuntimeBounds:IsValid=false, Min=(X=0.000 Y=0.000 Z=0.000), Max=(X=0.000 Y=0.000 Z=0.000) RuntimeGrid:None EditorOnly:false RuntimeOnly:false HLODRelevant:false ListedInSceneOutliner:true IsMainWorldOnly:true
 |   |   |- [+] [ 26]
 |   |   |   |- Guid:E7863632D63B3DE5BE77086DE4C73044 NativeClass:/Script/Engine.DirectionalLight Name:DirectionalLight_1 Label:DirectionalLight SpatiallyLoaded:false EditorBounds:IsValid=false, Min=(X=0.000 Y=0.000 Z=0.000), Max=(X=0.000 Y=0.000 Z=0.000) RuntimeBounds:IsValid=false, Min=(X=0.000 Y=0.000 Z=0.000), Max=(X=0.000 Y=0.000 Z=0.000) RuntimeGrid:None EditorOnly:false RuntimeOnly:false HLODRelevant:false ListedInSceneOutliner:true IsMainWorldOnly:false FolderPath:Lighting FolderGuid:0BA5F0A04EADB18E70D5B180D08FA34B
 |- ContainerInstances:
 |- [+] MainContainer:
 |   |-        ID: 00000000000000000000000000000000
 |   |-  ParentID: 00000000000000000000000000000000
 |   |-    Bounds: IsValid=false, Min=(X=0.000 Y=0.000 Z=0.000), Max=(X=0.000 Y=0.000 Z=0.000)
 |   |- Transform: 0.000000,0.000000,0.000000|0.000000,0.000000,-0.000000|1.000000,1.000000,1.000000
 |   |- Container: /Game/FirstPerson/Maps/MainLevel
----------------------------------------------------------------------------------------------------------------
MainLevel - Persistent Level
----------------------------------------------------------------------------------------------------------------
[+] Content of MainLevel Persistent Level
 |- Always loaded Actor Count: 27 
 |- Actor Path: /Game/FirstPerson/Maps/MainLevel.MainLevel:PersistentLevel.BP_Rifle_C_1
 |- Actor Package: /Game/__ExternalActors__/FirstPerson/Maps/MainLevel/C/NK/E4VNFTRPY1ZHXJLHR1PX58
 |- Actor Path: /Game/FirstPerson/Maps/MainLevel.MainLevel:PersistentLevel.DirectionalLight_1
 |- Actor Package: /Game/__ExternalActors__/FirstPerson/Maps/MainLevel/2/I0/I2ZRLXOU1CGAPGR3KQR85E
 |- Actor Path: /Game/FirstPerson/Maps/MainLevel.MainLevel:PersistentLevel.ExponentialHeightFog_0
 |- Actor Package: /Game/__ExternalActors__/FirstPerson/Maps/MainLevel/7/UE/U3RNPWJ8CE9SCPR1C0K1SC
 |- Actor Path: /Game/FirstPerson/Maps/MainLevel.MainLevel:PersistentLevel.PlayerStart_0
 |- Actor Package: /Game/__ExternalActors__/FirstPerson/Maps/MainLevel/7/W8/VONWWKI5G6PY2UJNFZWS2U
 |- Actor Path: /Game/FirstPerson/Maps/MainLevel.MainLevel:PersistentLevel.PostProcessVolume_0
 |- Actor Package: /Game/__ExternalActors__/FirstPerson/Maps/MainLevel/6/5G/0Q94SWJIBY7M3KWKPXBA7S
 |- Actor Path: /Game/FirstPerson/Maps/MainLevel.MainLevel:PersistentLevel.SkyAtmosphere_0
 |- Actor Package: /Game/__ExternalActors__/FirstPerson/Maps/MainLevel/E/BX/AGPR9Q73Z1GHGB5HFJBWD8
 |- Actor Path: /Game/FirstPerson/Maps/MainLevel.MainLevel:PersistentLevel.SkyLight_0
 |- Actor Package: /Game/__ExternalActors__/FirstPerson/Maps/MainLevel/A/J5/FISSUOVBFC4D5A2Z18EE29
 |- Actor Path: /Game/FirstPerson/Maps/MainLevel.MainLevel:PersistentLevel.StaticMeshActor_UAID_80D21DDCAD72A3BA02_1574765622
 |- Actor Package: /Game/__ExternalActors__/FirstPerson/Maps/MainLevel/6/MZ/0TT0WKU3RP8A8ZBCHAHOPZ
 |- Actor Path: /Game/FirstPerson/Maps/MainLevel.MainLevel:PersistentLevel.StaticMeshActor_UAID_80D21DDCAD72A3BA02_1689067623
 |- Actor Package: /Game/__ExternalActors__/FirstPerson/Maps/MainLevel/7/SF/AZVRLUJDGVBU3FT0S03BEM
 |- Actor Path: /Game/FirstPerson/Maps/MainLevel.MainLevel:PersistentLevel.StaticMeshActor_UAID_80D21DDCAD72A3BA02_1697450624
 |- Actor Package: /Game/__ExternalActors__/FirstPerson/Maps/MainLevel/6/WZ/GSWP1B1VAJM8YA2NLVHEF5
 |- Actor Path: /Game/FirstPerson/Maps/MainLevel.MainLevel:PersistentLevel.StaticMeshActor_UAID_80D21DDCAD72A3BA02_1719490625
 |- Actor Package: /Game/__ExternalActors__/FirstPerson/Maps/MainLevel/0/47/OPYP5U28LNZULIKZAN0JGZ
 |- Actor Path: /Game/FirstPerson/Maps/MainLevel.MainLevel:PersistentLevel.StaticMeshActor_UAID_80D21DDCAD72A3BA02_1776428627
 |- Actor Package: /Game/__ExternalActors__/FirstPerson/Maps/MainLevel/C/ER/2MURHZ5ZF0BKE262AM9OFO
 |- Actor Path: /Game/FirstPerson/Maps/MainLevel.MainLevel:PersistentLevel.StaticMeshActor_UAID_80D21DDCAD72A3BA02_1875194628
 |- Actor Package: /Game/__ExternalActors__/FirstPerson/Maps/MainLevel/3/3A/0EPQ9AS9Q6YB62EDREKDOH
 |- Actor Path: /Game/FirstPerson/Maps/MainLevel.MainLevel:PersistentLevel.StaticMeshActor_UAID_80D21DDCAD72A3BA02_2029288630
 |- Actor Package: /Game/__ExternalActors__/FirstPerson/Maps/MainLevel/7/AM/J8LB26IPRXF8GX5ZAMMJRZ
 |- Actor Path: /Game/FirstPerson/Maps/MainLevel.MainLevel:PersistentLevel.StaticMeshActor_UAID_80D21DDCAD72A3BA02_2072655631
 |- Actor Package: /Game/__ExternalActors__/FirstPerson/Maps/MainLevel/2/9M/XCWL7N6544YB5A38LMXAAR
 |- Actor Path: /Game/FirstPerson/Maps/MainLevel.MainLevel:PersistentLevel.StaticMeshActor_UAID_80D21DDCAD72A3BA02_2079748632
 |- Actor Package: /Game/__ExternalActors__/FirstPerson/Maps/MainLevel/A/J5/B8I905CCR4EFK5PT0DQN38
 |- Actor Path: /Game/FirstPerson/Maps/MainLevel.MainLevel:PersistentLevel.StaticMeshActor_UAID_80D21DDCAD72A4BA02_1192475809
 |- Actor Package: /Game/__ExternalActors__/FirstPerson/Maps/MainLevel/D/5N/7BBMVWZQJOM7GTZJW5BYHX
 |- Actor Path: /Game/FirstPerson/Maps/MainLevel.MainLevel:PersistentLevel.StaticMeshActor_UAID_80D21DDCAD72A4BA02_1336048811
 |- Actor Package: /Game/__ExternalActors__/FirstPerson/Maps/MainLevel/4/BC/0QMB2O3LH1QTP1Z30TV2VQ
 |- Actor Path: /Game/FirstPerson/Maps/MainLevel.MainLevel:PersistentLevel.StaticMeshActor_UAID_80D21DDCAD72A4BA02_1443466813
 |- Actor Package: /Game/__ExternalActors__/FirstPerson/Maps/MainLevel/B/68/DDHMA89MVY472EM1X4QLNT
 |- Actor Path: /Game/FirstPerson/Maps/MainLevel.MainLevel:PersistentLevel.StaticMeshActor_UAID_80D21DDCAD72A4BA02_1467787814
 |- Actor Package: /Game/__ExternalActors__/FirstPerson/Maps/MainLevel/2/A0/QWF8CQFXXR4292S2D79PP2
 |- Actor Path: /Game/FirstPerson/Maps/MainLevel.MainLevel:PersistentLevel.StaticMeshActor_UAID_80D21DDCAD72A4BA02_1481780815
 |- Actor Package: /Game/__ExternalActors__/FirstPerson/Maps/MainLevel/C/5H/GZ1PEZ51M0M9USY0F9JLZK
 |- Actor Path: /Game/FirstPerson/Maps/MainLevel.MainLevel:PersistentLevel.StaticMeshActor_UAID_80D21DDCAD72A4BA02_1507669816
 |- Actor Package: /Game/__ExternalActors__/FirstPerson/Maps/MainLevel/A/NB/Q3Z8FQHMOOFE7XR2GQJWGA
 |- Actor Path: /Game/FirstPerson/Maps/MainLevel.MainLevel:PersistentLevel.StaticMeshActor_UAID_80D21DDCAD72A4BA02_1580751817
 |- Actor Package: /Game/__ExternalActors__/FirstPerson/Maps/MainLevel/1/MJ/UI5G3UDDT415I4PF02VNJA
 |- Actor Path: /Game/FirstPerson/Maps/MainLevel.MainLevel:PersistentLevel.StaticMeshActor_UAID_80D21DDCAD72A4BA02_1678456818
 |- Actor Package: /Game/__ExternalActors__/FirstPerson/Maps/MainLevel/E/I8/PJKFUTTNB4QZTVUIVNPXVO
 |- Actor Path: /Game/FirstPerson/Maps/MainLevel.MainLevel:PersistentLevel.StaticMeshActor_UAID_A4AE111137DC5EFB00_2001720423
 |- Actor Package: /Game/__ExternalActors__/FirstPerson/Maps/MainLevel/5/3Z/EY1AT1WTBA817PG2YRQ4ML
 |- Actor Path: /Game/FirstPerson/Maps/MainLevel.MainLevel:PersistentLevel.VolumetricCloud_0
 |- Actor Package: /Game/__ExternalActors__/FirstPerson/Maps/MainLevel/0/78/C3ILOJF2AIF9MOWVUW0BGO
 |- Actor Path: /Game/FirstPerson/Maps/MainLevel.MainLevel:PersistentLevel.WorldDataLayers
 |- Actor Package: /Game/__ExternalActors__/FirstPerson/Maps/MainLevel/C/06/UN65Q7OYHM7JD4KUPEQ4S8

----------------------------------------------------------------------------------------------------------------
MainLevel - Runtime Hash Set
----------------------------------------------------------------------------------------------------------------

