[+] Containers:
 |- [+] Container: /Game/FirstPerson/Maps/MainLevel
 |   |- [+] ActorDescs:
 |   |   |- Guid:0074E44A81B53CB19DD61A025F808810 NativeClass:/Script/Engine.SkyAtmosphere Name:SkyAtmosphere_0 Label:SkyAtmosphere SpatiallyLoaded:false EditorBounds:IsValid=true, Min=(X=-128.000 Y=-128.000 Z=892.000), Max=(X=240.000 Y=128.000 Z=1148.000) RuntimeBounds:IsValid=true, Min=(X=0.000 Y=0.000 Z=1020.000), Max=(X=0.000 Y=0.000 Z=1020.000) RuntimeGrid:None EditorOnly:false RuntimeOnly:false HLODRelevant:false ListedInSceneOutliner:true IsMainWorldOnly:false FolderPath:Lighting FolderGuid:0BA5F0A04EADB18E70D5B180D08FA34B
 |   |   |- Guid:0D2A89FD43FF55E42446ADB1675992B7 NativeClass:/Script/Engine.PointLight Name:PointLight_UAID_80D21DDCAD72A3BA02_1763399626 Label:PointLight SpatiallyLoaded:true EditorBounds:IsValid=true, Min=(X=120.000 Y=180.000 Z=-675.000), Max=(X=2120.000 Y=2180.000 Z=1325.000) RuntimeBounds:IsValid=true, Min=(X=120.000 Y=180.000 Z=-675.000), Max=(X=2120.000 Y=2180.000 Z=1325.000) RuntimeGrid:None EditorOnly:false RuntimeOnly:false HLODRelevant:false ListedInSceneOutliner:true IsMainWorldOnly:false
 |   |   |- Guid:2799BFE4FC0A3FA4AADA3795D40F0564 NativeClass:/Script/Engine.PlayerStart Name:PlayerStart_0 Label:PlayerStart SpatiallyLoaded:false EditorBounds:IsValid=true, Min=(X=772.000 Y=722.000 Z=-35.987), Max=(X=1028.000 Y=1090.000 Z=220.013) RuntimeBounds:IsValid=true, Min=(X=860.000 Y=810.000 Z=0.013), Max=(X=940.000 Y=890.000 Z=184.013) RuntimeGrid:None EditorOnly:false RuntimeOnly:false HLODRelevant:false ListedInSceneOutliner:true IsMainWorldOnly:false
 |   |   |- Guid:31013E2EE45E3458A6737BC494C5BBEE NativeClass:/Script/Engine.SkyLight Name:SkyLight_0 Label:SkyLight SpatiallyLoaded:false EditorBounds:IsValid=true, Min=(X=-1.000 Y=-1.000 Z=-1.000), Max=(X=1.000 Y=1.000 Z=690.000) RuntimeBounds:IsValid=true, Min=(X=0.000 Y=0.000 Z=690.000), Max=(X=0.000 Y=0.000 Z=690.000) RuntimeGrid:None EditorOnly:false RuntimeOnly:false HLODRelevant:false ListedInSceneOutliner:true IsMainWorldOnly:false FolderPath:Lighting FolderGuid:0BA5F0A04EADB18E70D5B180D08FA34B
 |   |   |- Guid:3ADDA68B4DFFD02132412AAFDEFBFFA9 NativeClass:/Script/Engine.StaticMeshActor Name:StaticMeshActor_UAID_80D21DDCAD72A3BA02_1689067623 Label:SM_Cube5 SpatiallyLoaded:true EditorBounds:IsValid=true, Min=(X=730.000 Y=480.000 Z=350.000), Max=(X=1305.000 Y=2355.000 Z=400.000) RuntimeBounds:IsValid=true, Min=(X=730.000 Y=480.000 Z=350.000), Max=(X=1305.000 Y=2355.000 Z=400.000) RuntimeGrid:None EditorOnly:false RuntimeOnly:false HLODRelevant:true ListedInSceneOutliner:true IsMainWorldOnly:false FolderPath:Room FolderGuid:436A99DA40E3C4FC8D4142BD69DACCC3
 |   |   |- Guid:5645CF23474ECA8989CE59B0E98CCED5 NativeClass:/Script/Engine.StaticMeshActor Name:StaticMeshActor_UAID_80D21DDCAD72A3BA02_1875194628 Label:SM_Cube9 SpatiallyLoaded:true EditorBounds:IsValid=true, Min=(X=730.000 Y=2300.000 Z=-50.000), Max=(X=1280.000 Y=2350.000 Z=350.000) RuntimeBounds:IsValid=true, Min=(X=730.000 Y=2300.000 Z=-50.000), Max=(X=1280.000 Y=2350.000 Z=350.000) RuntimeGrid:None EditorOnly:false RuntimeOnly:false HLODRelevant:true ListedInSceneOutliner:true IsMainWorldOnly:false FolderPath:Room FolderGuid:436A99DA40E3C4FC8D4142BD69DACCC3
 |   |   |- Guid:6CDDA87AB298320AB0868658B834E679 NativeClass:/Script/Engine.ExponentialHeightFog Name:ExponentialHeightFog_0 Label:ExponentialHeightFog SpatiallyLoaded:false EditorBounds:IsValid=true, Min=(X=-5728.000 Y=-178.000 Z=-6978.000), Max=(X=-5472.000 Y=78.000 Z=-6722.000) RuntimeBounds:IsValid=true, Min=(X=-5600.000 Y=-50.000 Z=-6850.000), Max=(X=-5600.000 Y=-50.000 Z=-6850.000) RuntimeGrid:None EditorOnly:false RuntimeOnly:false HLODRelevant:false ListedInSceneOutliner:true IsMainWorldOnly:false FolderPath:Lighting FolderGuid:0BA5F0A04EADB18E70D5B180D08FA34B
 |   |   |- Guid:6EC4AD784CCC00BFD2D4EDACDA5F4408 NativeClass:/Script/Engine.StaticMeshActor Name:StaticMeshActor_UAID_80D21DDCAD72A3BA02_1697450624 Label:SM_Cube6 SpatiallyLoaded:true EditorBounds:IsValid=true, Min=(X=730.000 Y=480.000 Z=-50.000), Max=(X=780.000 Y=2355.000 Z=350.000) RuntimeBounds:IsValid=true, Min=(X=730.000 Y=480.000 Z=-50.000), Max=(X=780.000 Y=2355.000 Z=350.000) RuntimeGrid:None EditorOnly:false RuntimeOnly:false HLODRelevant:true ListedInSceneOutliner:true IsMainWorldOnly:false FolderPath:Room FolderGuid:436A99DA40E3C4FC8D4142BD69DACCC3
 |   |   |- Guid:77E3EC57EFB9335081255F7A97030017 NativeClass:/Script/Engine.StaticMeshActor Name:StaticMeshActor_UAID_A4AE111137DC5EFB00_2001720423 Label:SM_SkySphere SpatiallyLoaded:false EditorBounds:IsValid=true, Min=(X=-1638400.000 Y=-1638400.000 Z=-1638400.000), Max=(X=1638400.000 Y=1638400.000 Z=1638400.000) RuntimeBounds:IsValid=true, Min=(X=-1638400.000 Y=-1638400.000 Z=-1638400.000), Max=(X=1638400.000 Y=1638400.000 Z=1638400.000) RuntimeGrid:None EditorOnly:false RuntimeOnly:false HLODRelevant:false ListedInSceneOutliner:true IsMainWorldOnly:false FolderPath:Lighting FolderGuid:0BA5F0A04EADB18E70D5B180D08FA34B
 |   |   |- Guid:8C580AB84C0E9EF795E642BD66CEB096 NativeClass:/Script/Engine.StaticMeshActor Name:StaticMeshActor_UAID_80D21DDCAD72A3BA02_1574765622 Label:SM_Cube4 SpatiallyLoaded:true EditorBounds:IsValid=true, Min=(X=730.000 Y=480.000 Z=-50.000), Max=(X=1305.000 Y=2355.000 Z=0.000) RuntimeBounds:IsValid=true, Min=(X=730.000 Y=480.000 Z=-50.000), Max=(X=1305.000 Y=2355.000 Z=0.000) RuntimeGrid:None EditorOnly:false RuntimeOnly:false HLODRelevant:true ListedInSceneOutliner:true IsMainWorldOnly:false FolderPath:Room FolderGuid:436A99DA40E3C4FC8D4142BD69DACCC3
 |   |   |- Guid:94154B9924CE3EB3AC1DD6A45963B8E5 NativeClass:/Script/Engine.PostProcessVolume Name:PostProcessVolume_0 Label:PostProcessVolume SpatiallyLoaded:false EditorBounds:IsValid=true, Min=(X=0.000 Y=0.000 Z=400.000), Max=(X=200.000 Y=200.000 Z=600.000) RuntimeBounds:IsValid=true, Min=(X=0.000 Y=0.000 Z=400.000), Max=(X=200.000 Y=200.000 Z=600.000) RuntimeGrid:None EditorOnly:false RuntimeOnly:false HLODRelevant:false ListedInSceneOutliner:true IsMainWorldOnly:false FolderPath:Lighting FolderGuid:0BA5F0A04EADB18E70D5B180D08FA34B
 |   |   |- Guid:9ECAB6A18EDF3F4DBAC9EC9E6BFB4105 NativeClass:/Script/Engine.VolumetricCloud Name:VolumetricCloud_0 Label:VolumetricCloud SpatiallyLoaded:false EditorBounds:IsValid=true, Min=(X=-128.000 Y=-128.000 Z=692.000), Max=(X=128.000 Y=128.000 Z=948.000) RuntimeBounds:IsValid=true, Min=(X=0.000 Y=0.000 Z=820.000), Max=(X=0.000 Y=0.000 Z=820.000) RuntimeGrid:None EditorOnly:false RuntimeOnly:false HLODRelevant:false ListedInSceneOutliner:true IsMainWorldOnly:false FolderPath:Lighting FolderGuid:0BA5F0A04EADB18E70D5B180D08FA34B
 |   |   |- Guid:AB9EA2A846BD78DB90CB268514041ED0 NativeClass:/Script/Engine.StaticMeshActor Name:StaticMeshActor_UAID_80D21DDCAD72A3BA02_1776428627 Label:SM_Cube8 SpatiallyLoaded:true EditorBounds:IsValid=true, Min=(X=730.000 Y=480.000 Z=-50.000), Max=(X=1280.000 Y=530.000 Z=350.000) RuntimeBounds:IsValid=true, Min=(X=730.000 Y=480.000 Z=-50.000), Max=(X=1280.000 Y=530.000 Z=350.000) RuntimeGrid:None EditorOnly:false RuntimeOnly:false HLODRelevant:true ListedInSceneOutliner:true IsMainWorldOnly:false FolderPath:Room FolderGuid:436A99DA40E3C4FC8D4142BD69DACCC3
 |   |   |- Guid:D56B13953B903363AB9AC18C7D52B868 BaseClass:/Game/FirstPerson/Blueprints/BP_Pickup_Rifle.BP_Pickup_Rifle_C NativeClass:/Script/Engine.Actor Name:BP_Rifle_C_1 Label:BP_Pickup_Rifle SpatiallyLoaded:true EditorBounds:IsValid=true, Min=(X=998.000 Y=818.000 Z=64.000), Max=(X=1062.000 Y=907.440 Z=128.000) RuntimeBounds:IsValid=true, Min=(X=998.000 Y=818.000 Z=64.000), Max=(X=1062.000 Y=907.440 Z=128.000) RuntimeGrid:None EditorOnly:false RuntimeOnly:false HLODRelevant:false ListedInSceneOutliner:true IsMainWorldOnly:false
 |   |   |- Guid:E06526EA49020BEB3E44B1B42BF20911 NativeClass:/Script/Engine.StaticMeshActor Name:StaticMeshActor_UAID_80D21DDCAD72A3BA02_1719490625 Label:SM_Cube7 SpatiallyLoaded:true EditorBounds:IsValid=true, Min=(X=1250.000 Y=480.000 Z=-50.000), Max=(X=1300.000 Y=2355.000 Z=350.000) RuntimeBounds:IsValid=true, Min=(X=1250.000 Y=480.000 Z=-50.000), Max=(X=1300.000 Y=2355.000 Z=350.000) RuntimeGrid:None EditorOnly:false RuntimeOnly:false HLODRelevant:true ListedInSceneOutliner:true IsMainWorldOnly:false FolderPath:Room FolderGuid:436A99DA40E3C4FC8D4142BD69DACCC3
 |   |   |- Guid:E58D97CF1DC43AC1ABA74365C53B66FA NativeClass:/Script/Engine.WorldDataLayers Name:WorldDataLayers Label:WorldDataLayers SpatiallyLoaded:false EditorBounds:IsValid=false, Min=(X=0.000 Y=0.000 Z=0.000), Max=(X=0.000 Y=0.000 Z=0.000) RuntimeBounds:IsValid=false, Min=(X=0.000 Y=0.000 Z=0.000), Max=(X=0.000 Y=0.000 Z=0.000) RuntimeGrid:None EditorOnly:false RuntimeOnly:false HLODRelevant:false ListedInSceneOutliner:true IsMainWorldOnly:true
 |   |   |- Guid:E7863632D63B3DE5BE77086DE4C73044 NativeClass:/Script/Engine.DirectionalLight Name:DirectionalLight_1 Label:DirectionalLight SpatiallyLoaded:false EditorBounds:IsValid=false, Min=(X=0.000 Y=0.000 Z=0.000), Max=(X=0.000 Y=0.000 Z=0.000) RuntimeBounds:IsValid=false, Min=(X=0.000 Y=0.000 Z=0.000), Max=(X=0.000 Y=0.000 Z=0.000) RuntimeGrid:None EditorOnly:false RuntimeOnly:false HLODRelevant:false ListedInSceneOutliner:true IsMainWorldOnly:false FolderPath:Lighting FolderGuid:0BA5F0A04EADB18E70D5B180D08FA34B
 |   |- [+] Clusters:
 |   |   |- [+] [  0]
 |   |   |   |- Guid:0074E44A81B53CB19DD61A025F808810 NativeClass:/Script/Engine.SkyAtmosphere Name:SkyAtmosphere_0 Label:SkyAtmosphere SpatiallyLoaded:false EditorBounds:IsValid=true, Min=(X=-128.000 Y=-128.000 Z=892.000), Max=(X=240.000 Y=128.000 Z=1148.000) RuntimeBounds:IsValid=true, Min=(X=0.000 Y=0.000 Z=1020.000), Max=(X=0.000 Y=0.000 Z=1020.000) RuntimeGrid:None EditorOnly:false RuntimeOnly:false HLODRelevant:false ListedInSceneOutliner:true IsMainWorldOnly:false FolderPath:Lighting FolderGuid:0BA5F0A04EADB18E70D5B180D08FA34B
 |   |   |- [+] [  1]
 |   |   |   |- Guid:0D2A89FD43FF55E42446ADB1675992B7 NativeClass:/Script/Engine.PointLight Name:PointLight_UAID_80D21DDCAD72A3BA02_1763399626 Label:PointLight SpatiallyLoaded:true EditorBounds:IsValid=true, Min=(X=120.000 Y=180.000 Z=-675.000), Max=(X=2120.000 Y=2180.000 Z=1325.000) RuntimeBounds:IsValid=true, Min=(X=120.000 Y=180.000 Z=-675.000), Max=(X=2120.000 Y=2180.000 Z=1325.000) RuntimeGrid:None EditorOnly:false RuntimeOnly:false HLODRelevant:false ListedInSceneOutliner:true IsMainWorldOnly:false
 |   |   |- [+] [  2]
 |   |   |   |- Guid:2799BFE4FC0A3FA4AADA3795D40F0564 NativeClass:/Script/Engine.PlayerStart Name:PlayerStart_0 Label:PlayerStart SpatiallyLoaded:false EditorBounds:IsValid=true, Min=(X=772.000 Y=722.000 Z=-35.987), Max=(X=1028.000 Y=1090.000 Z=220.013) RuntimeBounds:IsValid=true, Min=(X=860.000 Y=810.000 Z=0.013), Max=(X=940.000 Y=890.000 Z=184.013) RuntimeGrid:None EditorOnly:false RuntimeOnly:false HLODRelevant:false ListedInSceneOutliner:true IsMainWorldOnly:false
 |   |   |- [+] [  3]
 |   |   |   |- Guid:31013E2EE45E3458A6737BC494C5BBEE NativeClass:/Script/Engine.SkyLight Name:SkyLight_0 Label:SkyLight SpatiallyLoaded:false EditorBounds:IsValid=true, Min=(X=-1.000 Y=-1.000 Z=-1.000), Max=(X=1.000 Y=1.000 Z=690.000) RuntimeBounds:IsValid=true, Min=(X=0.000 Y=0.000 Z=690.000), Max=(X=0.000 Y=0.000 Z=690.000) RuntimeGrid:None EditorOnly:false RuntimeOnly:false HLODRelevant:false ListedInSceneOutliner:true IsMainWorldOnly:false FolderPath:Lighting FolderGuid:0BA5F0A04EADB18E70D5B180D08FA34B
 |   |   |- [+] [  4]
 |   |   |   |- Guid:3ADDA68B4DFFD02132412AAFDEFBFFA9 NativeClass:/Script/Engine.StaticMeshActor Name:StaticMeshActor_UAID_80D21DDCAD72A3BA02_1689067623 Label:SM_Cube5 SpatiallyLoaded:true EditorBounds:IsValid=true, Min=(X=730.000 Y=480.000 Z=350.000), Max=(X=1305.000 Y=2355.000 Z=400.000) RuntimeBounds:IsValid=true, Min=(X=730.000 Y=480.000 Z=350.000), Max=(X=1305.000 Y=2355.000 Z=400.000) RuntimeGrid:None EditorOnly:false RuntimeOnly:false HLODRelevant:true ListedInSceneOutliner:true IsMainWorldOnly:false FolderPath:Room FolderGuid:436A99DA40E3C4FC8D4142BD69DACCC3
 |   |   |- [+] [  5]
 |   |   |   |- Guid:5645CF23474ECA8989CE59B0E98CCED5 NativeClass:/Script/Engine.StaticMeshActor Name:StaticMeshActor_UAID_80D21DDCAD72A3BA02_1875194628 Label:SM_Cube9 SpatiallyLoaded:true EditorBounds:IsValid=true, Min=(X=730.000 Y=2300.000 Z=-50.000), Max=(X=1280.000 Y=2350.000 Z=350.000) RuntimeBounds:IsValid=true, Min=(X=730.000 Y=2300.000 Z=-50.000), Max=(X=1280.000 Y=2350.000 Z=350.000) RuntimeGrid:None EditorOnly:false RuntimeOnly:false HLODRelevant:true ListedInSceneOutliner:true IsMainWorldOnly:false FolderPath:Room FolderGuid:436A99DA40E3C4FC8D4142BD69DACCC3
 |   |   |- [+] [  6]
 |   |   |   |- Guid:6CDDA87AB298320AB0868658B834E679 NativeClass:/Script/Engine.ExponentialHeightFog Name:ExponentialHeightFog_0 Label:ExponentialHeightFog SpatiallyLoaded:false EditorBounds:IsValid=true, Min=(X=-5728.000 Y=-178.000 Z=-6978.000), Max=(X=-5472.000 Y=78.000 Z=-6722.000) RuntimeBounds:IsValid=true, Min=(X=-5600.000 Y=-50.000 Z=-6850.000), Max=(X=-5600.000 Y=-50.000 Z=-6850.000) RuntimeGrid:None EditorOnly:false RuntimeOnly:false HLODRelevant:false ListedInSceneOutliner:true IsMainWorldOnly:false FolderPath:Lighting FolderGuid:0BA5F0A04EADB18E70D5B180D08FA34B
 |   |   |- [+] [  7]
 |   |   |   |- Guid:6EC4AD784CCC00BFD2D4EDACDA5F4408 NativeClass:/Script/Engine.StaticMeshActor Name:StaticMeshActor_UAID_80D21DDCAD72A3BA02_1697450624 Label:SM_Cube6 SpatiallyLoaded:true EditorBounds:IsValid=true, Min=(X=730.000 Y=480.000 Z=-50.000), Max=(X=780.000 Y=2355.000 Z=350.000) RuntimeBounds:IsValid=true, Min=(X=730.000 Y=480.000 Z=-50.000), Max=(X=780.000 Y=2355.000 Z=350.000) RuntimeGrid:None EditorOnly:false RuntimeOnly:false HLODRelevant:true ListedInSceneOutliner:true IsMainWorldOnly:false FolderPath:Room FolderGuid:436A99DA40E3C4FC8D4142BD69DACCC3
 |   |   |- [+] [  8]
 |   |   |   |- Guid:77E3EC57EFB9335081255F7A97030017 NativeClass:/Script/Engine.StaticMeshActor Name:StaticMeshActor_UAID_A4AE111137DC5EFB00_2001720423 Label:SM_SkySphere SpatiallyLoaded:false EditorBounds:IsValid=true, Min=(X=-1638400.000 Y=-1638400.000 Z=-1638400.000), Max=(X=1638400.000 Y=1638400.000 Z=1638400.000) RuntimeBounds:IsValid=true, Min=(X=-1638400.000 Y=-1638400.000 Z=-1638400.000), Max=(X=1638400.000 Y=1638400.000 Z=1638400.000) RuntimeGrid:None EditorOnly:false RuntimeOnly:false HLODRelevant:false ListedInSceneOutliner:true IsMainWorldOnly:false FolderPath:Lighting FolderGuid:0BA5F0A04EADB18E70D5B180D08FA34B
 |   |   |- [+] [  9]
 |   |   |   |- Guid:8C580AB84C0E9EF795E642BD66CEB096 NativeClass:/Script/Engine.StaticMeshActor Name:StaticMeshActor_UAID_80D21DDCAD72A3BA02_1574765622 Label:SM_Cube4 SpatiallyLoaded:true EditorBounds:IsValid=true, Min=(X=730.000 Y=480.000 Z=-50.000), Max=(X=1305.000 Y=2355.000 Z=0.000) RuntimeBounds:IsValid=true, Min=(X=730.000 Y=480.000 Z=-50.000), Max=(X=1305.000 Y=2355.000 Z=0.000) RuntimeGrid:None EditorOnly:false RuntimeOnly:false HLODRelevant:true ListedInSceneOutliner:true IsMainWorldOnly:false FolderPath:Room FolderGuid:436A99DA40E3C4FC8D4142BD69DACCC3
 |   |   |- [+] [ 10]
 |   |   |   |- Guid:94154B9924CE3EB3AC1DD6A45963B8E5 NativeClass:/Script/Engine.PostProcessVolume Name:PostProcessVolume_0 Label:PostProcessVolume SpatiallyLoaded:false EditorBounds:IsValid=true, Min=(X=0.000 Y=0.000 Z=400.000), Max=(X=200.000 Y=200.000 Z=600.000) RuntimeBounds:IsValid=true, Min=(X=0.000 Y=0.000 Z=400.000), Max=(X=200.000 Y=200.000 Z=600.000) RuntimeGrid:None EditorOnly:false RuntimeOnly:false HLODRelevant:false ListedInSceneOutliner:true IsMainWorldOnly:false FolderPath:Lighting FolderGuid:0BA5F0A04EADB18E70D5B180D08FA34B
 |   |   |- [+] [ 11]
 |   |   |   |- Guid:9ECAB6A18EDF3F4DBAC9EC9E6BFB4105 NativeClass:/Script/Engine.VolumetricCloud Name:VolumetricCloud_0 Label:VolumetricCloud SpatiallyLoaded:false EditorBounds:IsValid=true, Min=(X=-128.000 Y=-128.000 Z=692.000), Max=(X=128.000 Y=128.000 Z=948.000) RuntimeBounds:IsValid=true, Min=(X=0.000 Y=0.000 Z=820.000), Max=(X=0.000 Y=0.000 Z=820.000) RuntimeGrid:None EditorOnly:false RuntimeOnly:false HLODRelevant:false ListedInSceneOutliner:true IsMainWorldOnly:false FolderPath:Lighting FolderGuid:0BA5F0A04EADB18E70D5B180D08FA34B
 |   |   |- [+] [ 12]
 |   |   |   |- Guid:AB9EA2A846BD78DB90CB268514041ED0 NativeClass:/Script/Engine.StaticMeshActor Name:StaticMeshActor_UAID_80D21DDCAD72A3BA02_1776428627 Label:SM_Cube8 SpatiallyLoaded:true EditorBounds:IsValid=true, Min=(X=730.000 Y=480.000 Z=-50.000), Max=(X=1280.000 Y=530.000 Z=350.000) RuntimeBounds:IsValid=true, Min=(X=730.000 Y=480.000 Z=-50.000), Max=(X=1280.000 Y=530.000 Z=350.000) RuntimeGrid:None EditorOnly:false RuntimeOnly:false HLODRelevant:true ListedInSceneOutliner:true IsMainWorldOnly:false FolderPath:Room FolderGuid:436A99DA40E3C4FC8D4142BD69DACCC3
 |   |   |- [+] [ 13]
 |   |   |   |- Guid:D56B13953B903363AB9AC18C7D52B868 BaseClass:/Game/FirstPerson/Blueprints/BP_Pickup_Rifle.BP_Pickup_Rifle_C NativeClass:/Script/Engine.Actor Name:BP_Rifle_C_1 Label:BP_Pickup_Rifle SpatiallyLoaded:true EditorBounds:IsValid=true, Min=(X=998.000 Y=818.000 Z=64.000), Max=(X=1062.000 Y=907.440 Z=128.000) RuntimeBounds:IsValid=true, Min=(X=998.000 Y=818.000 Z=64.000), Max=(X=1062.000 Y=907.440 Z=128.000) RuntimeGrid:None EditorOnly:false RuntimeOnly:false HLODRelevant:false ListedInSceneOutliner:true IsMainWorldOnly:false
 |   |   |- [+] [ 14]
 |   |   |   |- Guid:E06526EA49020BEB3E44B1B42BF20911 NativeClass:/Script/Engine.StaticMeshActor Name:StaticMeshActor_UAID_80D21DDCAD72A3BA02_1719490625 Label:SM_Cube7 SpatiallyLoaded:true EditorBounds:IsValid=true, Min=(X=1250.000 Y=480.000 Z=-50.000), Max=(X=1300.000 Y=2355.000 Z=350.000) RuntimeBounds:IsValid=true, Min=(X=1250.000 Y=480.000 Z=-50.000), Max=(X=1300.000 Y=2355.000 Z=350.000) RuntimeGrid:None EditorOnly:false RuntimeOnly:false HLODRelevant:true ListedInSceneOutliner:true IsMainWorldOnly:false FolderPath:Room FolderGuid:436A99DA40E3C4FC8D4142BD69DACCC3
 |   |   |- [+] [ 15]
 |   |   |   |- Guid:E58D97CF1DC43AC1ABA74365C53B66FA NativeClass:/Script/Engine.WorldDataLayers Name:WorldDataLayers Label:WorldDataLayers SpatiallyLoaded:false EditorBounds:IsValid=false, Min=(X=0.000 Y=0.000 Z=0.000), Max=(X=0.000 Y=0.000 Z=0.000) RuntimeBounds:IsValid=false, Min=(X=0.000 Y=0.000 Z=0.000), Max=(X=0.000 Y=0.000 Z=0.000) RuntimeGrid:None EditorOnly:false RuntimeOnly:false HLODRelevant:false ListedInSceneOutliner:true IsMainWorldOnly:true
 |   |   |- [+] [ 16]
 |   |   |   |- Guid:E7863632D63B3DE5BE77086DE4C73044 NativeClass:/Script/Engine.DirectionalLight Name:DirectionalLight_1 Label:DirectionalLight SpatiallyLoaded:false EditorBounds:IsValid=false, Min=(X=0.000 Y=0.000 Z=0.000), Max=(X=0.000 Y=0.000 Z=0.000) RuntimeBounds:IsValid=false, Min=(X=0.000 Y=0.000 Z=0.000), Max=(X=0.000 Y=0.000 Z=0.000) RuntimeGrid:None EditorOnly:false RuntimeOnly:false HLODRelevant:false ListedInSceneOutliner:true IsMainWorldOnly:false FolderPath:Lighting FolderGuid:0BA5F0A04EADB18E70D5B180D08FA34B
 |- ContainerInstances:
 |- [+] MainContainer:
 |   |-        ID: 00000000000000000000000000000000
 |   |-  ParentID: 00000000000000000000000000000000
 |   |-    Bounds: IsValid=false, Min=(X=0.000 Y=0.000 Z=0.000), Max=(X=0.000 Y=0.000 Z=0.000)
 |   |- Transform: 0.000000,0.000000,0.000000|0.000000,0.000000,-0.000000|1.000000,1.000000,1.000000
 |   |- Container: /Game/FirstPerson/Maps/MainLevel
----------------------------------------------------------------------------------------------------------------
MainLevel - Persistent Level
----------------------------------------------------------------------------------------------------------------
[+] Content of MainLevel Persistent Level
 |- Always loaded Actor Count: 17 
 |- Actor Path: /Game/FirstPerson/Maps/MainLevel.MainLevel:PersistentLevel.BP_Rifle_C_1
 |- Actor Package: /Game/__ExternalActors__/FirstPerson/Maps/MainLevel/C/NK/E4VNFTRPY1ZHXJLHR1PX58
 |- Actor Path: /Game/FirstPerson/Maps/MainLevel.MainLevel:PersistentLevel.DirectionalLight_1
 |- Actor Package: /Game/__ExternalActors__/FirstPerson/Maps/MainLevel/2/I0/I2ZRLXOU1CGAPGR3KQR85E
 |- Actor Path: /Game/FirstPerson/Maps/MainLevel.MainLevel:PersistentLevel.ExponentialHeightFog_0
 |- Actor Package: /Game/__ExternalActors__/FirstPerson/Maps/MainLevel/7/UE/U3RNPWJ8CE9SCPR1C0K1SC
 |- Actor Path: /Game/FirstPerson/Maps/MainLevel.MainLevel:PersistentLevel.PlayerStart_0
 |- Actor Package: /Game/__ExternalActors__/FirstPerson/Maps/MainLevel/7/W8/VONWWKI5G6PY2UJNFZWS2U
 |- Actor Path: /Game/FirstPerson/Maps/MainLevel.MainLevel:PersistentLevel.PointLight_UAID_80D21DDCAD72A3BA02_1763399626
 |- Actor Package: /Game/__ExternalActors__/FirstPerson/Maps/MainLevel/3/DE/6H0H6U5258GNZY5YKAKDEQ
 |- Actor Path: /Game/FirstPerson/Maps/MainLevel.MainLevel:PersistentLevel.PostProcessVolume_0
 |- Actor Package: /Game/__ExternalActors__/FirstPerson/Maps/MainLevel/6/5G/0Q94SWJIBY7M3KWKPXBA7S
 |- Actor Path: /Game/FirstPerson/Maps/MainLevel.MainLevel:PersistentLevel.SkyAtmosphere_0
 |- Actor Package: /Game/__ExternalActors__/FirstPerson/Maps/MainLevel/E/BX/AGPR9Q73Z1GHGB5HFJBWD8
 |- Actor Path: /Game/FirstPerson/Maps/MainLevel.MainLevel:PersistentLevel.SkyLight_0
 |- Actor Package: /Game/__ExternalActors__/FirstPerson/Maps/MainLevel/A/J5/FISSUOVBFC4D5A2Z18EE29
 |- Actor Path: /Game/FirstPerson/Maps/MainLevel.MainLevel:PersistentLevel.StaticMeshActor_UAID_80D21DDCAD72A3BA02_1574765622
 |- Actor Package: /Game/__ExternalActors__/FirstPerson/Maps/MainLevel/6/MZ/0TT0WKU3RP8A8ZBCHAHOPZ
 |- Actor Path: /Game/FirstPerson/Maps/MainLevel.MainLevel:PersistentLevel.StaticMeshActor_UAID_80D21DDCAD72A3BA02_1689067623
 |- Actor Package: /Game/__ExternalActors__/FirstPerson/Maps/MainLevel/7/SF/AZVRLUJDGVBU3FT0S03BEM
 |- Actor Path: /Game/FirstPerson/Maps/MainLevel.MainLevel:PersistentLevel.StaticMeshActor_UAID_80D21DDCAD72A3BA02_1697450624
 |- Actor Package: /Game/__ExternalActors__/FirstPerson/Maps/MainLevel/6/WZ/GSWP1B1VAJM8YA2NLVHEF5
 |- Actor Path: /Game/FirstPerson/Maps/MainLevel.MainLevel:PersistentLevel.StaticMeshActor_UAID_80D21DDCAD72A3BA02_1719490625
 |- Actor Package: /Game/__ExternalActors__/FirstPerson/Maps/MainLevel/0/47/OPYP5U28LNZULIKZAN0JGZ
 |- Actor Path: /Game/FirstPerson/Maps/MainLevel.MainLevel:PersistentLevel.StaticMeshActor_UAID_80D21DDCAD72A3BA02_1776428627
 |- Actor Package: /Game/__ExternalActors__/FirstPerson/Maps/MainLevel/C/ER/2MURHZ5ZF0BKE262AM9OFO
 |- Actor Path: /Game/FirstPerson/Maps/MainLevel.MainLevel:PersistentLevel.StaticMeshActor_UAID_80D21DDCAD72A3BA02_1875194628
 |- Actor Package: /Game/__ExternalActors__/FirstPerson/Maps/MainLevel/3/3A/0EPQ9AS9Q6YB62EDREKDOH
 |- Actor Path: /Game/FirstPerson/Maps/MainLevel.MainLevel:PersistentLevel.StaticMeshActor_UAID_A4AE111137DC5EFB00_2001720423
 |- Actor Package: /Game/__ExternalActors__/FirstPerson/Maps/MainLevel/5/3Z/EY1AT1WTBA817PG2YRQ4ML
 |- Actor Path: /Game/FirstPerson/Maps/MainLevel.MainLevel:PersistentLevel.VolumetricCloud_0
 |- Actor Package: /Game/__ExternalActors__/FirstPerson/Maps/MainLevel/0/78/C3ILOJF2AIF9MOWVUW0BGO
 |- Actor Path: /Game/FirstPerson/Maps/MainLevel.MainLevel:PersistentLevel.WorldDataLayers
 |- Actor Package: /Game/__ExternalActors__/FirstPerson/Maps/MainLevel/C/06/UN65Q7OYHM7JD4KUPEQ4S8

----------------------------------------------------------------------------------------------------------------
MainLevel - Runtime Hash Set
----------------------------------------------------------------------------------------------------------------

